<?xml version="1.0" encoding="UTF-8"?>
<!-- Generated by org.testng.reporters.JUnitXMLReporter -->
<testsuite ignored="0" hostname="DESKTOP-I12U3FU" failures="0" tests="28" name="Experience_694" time="149.142" errors="0" timestamp="2022-04-01T16:40:26 IST">
  <testcase classname="lambdatest.Experience_694" name="launchURL" time="3.667"/>
  <testcase classname="lambdatest.Experience_694" name="playVideo" time="2.087"/>
  <testcase classname="lambdatest.Experience_694" name="action01" time="7.794"/>
  <testcase classname="lambdatest.Experience_694" name="action02" time="3.865"/>
  <testcase classname="lambdatest.Experience_694" name="iframe01" time="3.901"/>
  <testcase classname="lambdatest.Experience_694" name="iframe02" time="3.925"/>
  <testcase classname="lambdatest.Experience_694" name="image01" time="5.554"/>
  <testcase classname="lambdatest.Experience_694" name="image02" time="3.781"/>
  <testcase classname="lambdatest.Experience_694" name="image03" time="3.782"/>
  <testcase classname="lambdatest.Experience_694" name="image04" time="3.792"/>
  <testcase classname="lambdatest.Experience_694" name="image05" time="5.517"/>
  <testcase classname="lambdatest.Experience_694" name="markdown01" time="3.787"/>
  <testcase classname="lambdatest.Experience_694" name="markdown02" time="4.118"/>
  <testcase classname="lambdatest.Experience_694" name="markdown03" time="4.106"/>
  <testcase classname="lambdatest.Experience_694" name="markdown04" time="6.006"/>
  <testcase classname="lambdatest.Experience_694" name="markdown05" time="3.625"/>
  <testcase classname="lambdatest.Experience_694" name="markdown06" time="3.857"/>
  <testcase classname="lambdatest.Experience_694" name="markdown07" time="3.495"/>
  <testcase classname="lambdatest.Experience_694" name="social01" time="5.172"/>
  <testcase classname="lambdatest.Experience_694" name="social02" time="3.837"/>
  <testcase classname="lambdatest.Experience_694" name="social03" time="3.647"/>
  <testcase classname="lambdatest.Experience_694" name="social04" time="7.909"/>
  <testcase classname="lambdatest.Experience_694" name="video01" time="4.187"/>
  <testcase classname="lambdatest.Experience_694" name="video02" time="3.793"/>
  <testcase classname="lambdatest.Experience_694" name="video03" time="4.761"/>
  <testcase classname="lambdatest.Experience_694" name="video04" time="6.115"/>
  <testcase classname="lambdatest.Experience_694" name="video05" time="3.983"/>
  <testcase classname="lambdatest.Experience_694" name="video06" time="4.07"/>
</testsuite> <!-- Experience_694 -->
