<?xml version="1.0" encoding="UTF-8"?>
<!-- Generated by org.testng.reporters.JUnitXMLReporter -->
<testsuite ignored="0" hostname="DESKTOP-I12U3FU" failures="0" tests="1" name="Interactive AD chrome" time="22.611" errors="0" timestamp="2022-03-31T19:11:35 IST">
  <testcase classname="lambdatest.Interactive_AD_11_LT" name="@BeforeClass setUp" time="22.359">
    <failure type="org.openqa.selenium.SessionNotCreatedException" message="Could not start a new session. Response code 400. Message: You might be using real device capability, please use https://beta-hub.lambdatest.com as Hub URL to try out real devices. Please reach out to our support for further information
Build info: version: &amp;apos;4.1.2&amp;apos;, revision: &amp;apos;9a5a329c5a&amp;apos;
System info: host: &amp;apos;DESKTOP-I12U3FU&amp;apos;, ip: &amp;apos;192.168.1.8&amp;apos;, os.name: &amp;apos;Windows 10&amp;apos;, os.arch: &amp;apos;amd64&amp;apos;, os.version: &amp;apos;10.0&amp;apos;, java.version: &amp;apos;11.0.12&amp;apos;
Driver info: org.openqa.selenium.remote.RemoteWebDriver
Command: [null, newSession {capabilities=[Capabilities {platformName: ios}], desiredCapabilities=Capabilities {build: Interactive_AD_11_Himanshu, console: true, deviceName: iPhone 11, isRealMobile: true, name: Partial Build, network: true, platformName: iOS, platformVersion: 13, video: true, visual: true}}]
Capabilities {}">
      <![CDATA[org.openqa.selenium.SessionNotCreatedException: Could not start a new session. Response code 400. Message: You might be using real device capability, please use https://beta-hub.lambdatest.com as Hub URL to try out real devices. Please reach out to our support for further information
Build info: version: '4.1.2', revision: '9a5a329c5a'
System info: host: 'DESKTOP-I12U3FU', ip: '192.168.1.8', os.name: 'Windows 10', os.arch: 'amd64', os.version: '10.0', java.version: '11.0.12'
Driver info: org.openqa.selenium.remote.RemoteWebDriver
Command: [null, newSession {capabilities=[Capabilities {platformName: ios}], desiredCapabilities=Capabilities {build: Interactive_AD_11_Himanshu, console: true, deviceName: iPhone 11, isRealMobile: true, name: Partial Build, network: true, platformName: iOS, platformVersion: 13, video: true, visual: true}}]
Capabilities {}
at org.openqa.selenium.remote.ProtocolHandshake.createSession(ProtocolHandshake.java:126)
at org.openqa.selenium.remote.ProtocolHandshake.createSession(ProtocolHandshake.java:84)
at org.openqa.selenium.remote.ProtocolHandshake.createSession(ProtocolHandshake.java:62)
at org.openqa.selenium.remote.HttpCommandExecutor.execute(HttpCommandExecutor.java:156)
at org.openqa.selenium.remote.TracedCommandExecutor.execute(TracedCommandExecutor.java:51)
at org.openqa.selenium.remote.RemoteWebDriver.execute(RemoteWebDriver.java:558)
at org.openqa.selenium.remote.RemoteWebDriver.startSession(RemoteWebDriver.java:245)
at org.openqa.selenium.remote.RemoteWebDriver.<init>(RemoteWebDriver.java:161)
at org.openqa.selenium.remote.RemoteWebDriver.<init>(RemoteWebDriver.java:143)
at lambdatest.Interactive_AD_11_LT.setUp(Interactive_AD_11_LT.java:50)
at java.base/java.util.ArrayList.forEach(ArrayList.java:1541)
at java.base/java.util.concurrent.FutureTask.run(FutureTask.java:264)
at java.base/java.util.concurrent.ThreadPoolExecutor.runWorker(ThreadPoolExecutor.java:1128)
at java.base/java.util.concurrent.ThreadPoolExecutor$Worker.run(ThreadPoolExecutor.java:628)
at java.base/java.lang.Thread.run(Thread.java:834)
... Removed 16 stack frames]]>
    </failure>
  </testcase> <!-- @BeforeClass setUp -->
  <testcase classname="lambdatest.Interactive_AD_11_LT" name="@AfterClass end" time="0.0">
    <skipped/>
  </testcase> <!-- @AfterClass end -->
  <testcase classname="lambdatest.Interactive_AD_11_LT" name="run" time="0.001">
    <skipped/>
  </testcase> <!-- run -->
</testsuite> <!-- Interactive AD chrome -->
