<?xml version="1.0" encoding="UTF-8"?>
<testng-results ignored="0" total="1" passed="1" failed="0" skipped="0">
  <reporter-output>
  </reporter-output>
  <suite started-at="2022-03-24T15:49:51 IST" name="Default suite" finished-at="2022-03-24T15:50:41 IST" duration-ms="50794">
    <groups>
    </groups>
    <test started-at="2022-03-24T15:49:51 IST" name="Default test" finished-at="2022-03-24T15:50:41 IST" duration-ms="50794">
      <class name="lambdatest.Interactive_AD_11_LT">
        <test-method is-config="true" signature="setUp()[pri:0, instance:lambdatest.Interactive_AD_11_LT@290222c1]" started-at="2022-03-24T15:49:51 IST" name="setUp" finished-at="2022-03-24T15:50:05 IST" duration-ms="14232" status="PASS">
          <reporter-output>
          </reporter-output>
        </test-method> <!-- setUp -->
        <test-method signature="run()[pri:0, instance:lambdatest.Interactive_AD_11_LT@290222c1]" started-at="2022-03-24T15:50:05 IST" name="run" finished-at="2022-03-24T15:50:41 IST" duration-ms="35702" status="PASS">
          <reporter-output>
          </reporter-output>
        </test-method> <!-- run -->
        <test-method is-config="true" signature="end()[pri:0, instance:lambdatest.Interactive_AD_11_LT@290222c1]" started-at="2022-03-24T15:50:41 IST" name="end" finished-at="2022-03-24T15:50:41 IST" duration-ms="778" status="PASS">
          <reporter-output>
          </reporter-output>
        </test-method> <!-- end -->
      </class> <!-- lambdatest.Interactive_AD_11_LT -->
    </test> <!-- Default test -->
  </suite> <!-- Default suite -->
</testng-results>
